<?xml version="1.0" encoding="UTF-8"?>
<!-- Generated by org.testng.reporters.JUnitReportReporter -->
<testsuite hostname="LAPTOP-CUFQDMPR" failures="0" tests="18" name="TestCases.GithubRepo" time="14.621" errors="0" timestamp="2023-05-19T21:46:58 IST" skipped="0">
  <testcase classname="TestCases.GithubRepo" name="CreateaRepositoryfortheAuthenticatedUser" time="4.279"/>
  <system-out/>
  <testcase classname="TestCases.GithubRepo" name="UpdateaRepository" time="0.744"/>
  <system-out/>
  <testcase classname="TestCases.GithubRepo" name="GetaRepository" time="0.444"/>
  <system-out/>
  <testcase classname="TestCases.GithubRepo" name="CreateOrUpdateFileContents" time="0.680"/>
  <system-out/>
  <testcase classname="TestCases.GithubRepo" name="CreateaFork" time="1.401"/>
  <system-out/>
  <testcase classname="TestCases.GithubRepo" name="ListForks" time="0.480"/>
  <system-out/>
  <testcase classname="TestCases.GithubRepo" name="ListRepositoriesForaUser" time="0.904"/>
  <system-out/>
  <testcase classname="TestCases.GithubRepo" name="ListRepositoryLanguages" time="0.376"/>
  <system-out/>
  <testcase classname="TestCases.GithubRepo" name="ListPublicRepositories" time="0.577"/>
  <system-out/>
  <testcase classname="TestCases.GithubRepo" name="DeleteaFile" time="0.817"/>
  <system-out/>
  <testcase classname="TestCases.GithubRepo" name="ListRepositoryTags" time="0.419"/>
  <system-out/>
  <testcase classname="TestCases.GithubRepo" name="CreateAnAutolinkReferenceforaRepository" time="0.428"/>
  <system-out/>
  <testcase classname="TestCases.GithubRepo" name="ReplaceAllRepositoryTopics" time="0.815"/>
  <system-out/>
  <testcase classname="TestCases.GithubRepo" name="GetAllRepositoryTopics" time="0.424"/>
  <system-out/>
  <testcase classname="TestCases.GithubRepo" name="GetAnAutolinkReferenceofaRepository" time="0.418"/>
  <system-out/>
  <testcase classname="TestCases.GithubRepo" name="DeleteAnAutolinkReferenceFromaRepository" time="0.436"/>
  <system-out/>
  <testcase classname="TestCases.GithubRepo" name="GetaRepository2" time="0.429"/>
  <system-out/>
  <testcase classname="TestCases.GithubRepo" name="DeleteaRepository" time="0.550"/>
  <system-out/>
</testsuite> <!-- TestCases.GithubRepo -->
